<Page xmlns="http://schemas.nativescript.org/tns.xsd" navigatingTo="onNavigatingTo">
    <ActionBar title="Test Page">
        <NavigationButton text="Back" android.systemIcon="ic_menu_back" tap="{{ goBack }}" />
    </ActionBar>
    <StackLayout class="p-4">
        <Label text="This is the test page" class="text-xl text-center mb-4" />
        <Button text="Oyuncu OluÅŸtur ve Kaydet" tap="{{ createAndSavePlayer }}" class="-primary mb-4" />
        <Button text="Go Back" tap="{{ goBack }}" class="-primary" />
    </StackLayout>
</Page>